<?xml version="1.0" encoding="UTF-8"?>
<!-- Generated by org.testng.reporters.JUnitReportReporter -->
<testsuite hostname="DESKTOP-OR6VU5V" name="DataDrivenDemo.OrangeLogin" tests="1" failures="0" timestamp="7 Aug 2020 13:00:34 GMT" time="24.590" errors="0">
  <testcase name="Browser" time="24.590" classname="DataDrivenDemo.OrangeLogin"/>
</testsuite> <!-- DataDrivenDemo.OrangeLogin -->
